[  4%] Built target ignition-gazebo_private_msgs
[  4%] [34m[1mGenerating API documentation with Doxygen[0m
[  6%] Built target gtest
[  8%] Built target gtest_main
[ 29%] Built target ignition-gazebo2
[ 30%] Built target ign-gazebo-exec
[ 31%] [34m[1mAutomatic MOC for target ignition-gazebo2-gui[0m
[ 33%] Built target ign-gazebo-server
[ 36%] Built target ignition-gazebo2-rendering
[ 38%] Built target ignition-gazebo2-air-pressure-system
[ 40%] Built target ignition-gazebo2-altimeter-system
[ 40%] Built target ignition-gazebo2-gui_autogen
[ 42%] Built target ignition-gazebo2-linearbatteryplugin-system
[ 44%] Built target ignition-gazebo2-contact-system
[ 46%] Built target ignition-gazebo2-diff-drive-system
[ 47%] Built target ignition-gazebo2-apply-joint-force-system
[ 49%] Built target ignition-gazebo2-imu-system
[ 51%] Built target ignition-gazebo2-joint-controller-system
[ 52%] Built target ignition-gazebo2-joint-state-publisher-system
[ 54%] Built target ignition-gazebo2-lift-drag-system
[ 56%] Built target ignition-gazebo2-logical-camera-system
[ 58%] Built target ignition-gazebo2-log-system
[ 59%] Built target ignition-gazebo2-magnetometer-system
[ 61%] Built target ignition-gazebo2-multicopter-motor-model-system
[ 64%] Built target ignition-gazebo2-physics-system
[ 64%] Built target ignition-gazebo2-pose-publisher-system
[ 65%] Built target ignition-gazebo2-sensors-system
[ 67%] Built target ignition-gazebo2-scene-broadcaster-system
[ 69%] Built target ignition-gazebo2-touchplugin-system
[ 71%] Built target ignition-gazebo2-user-commands-system
[ 72%] Built target ignition-gazebo2-wind-effects-system
[ 82%] Built target ignition-gazebo2-gui
[ 84%] Built target ign-gazebo-gui
[ 89%] Built target TransformControl
[ 90%] Built target ignition-gazebo2-ign
[ 99%] Built target EntityTree
[100%] Built target GzScene3D
[100%] Built target doc
[  0%] [34m[1mGenerating API documentation with Doxygen[0m
[  0%] Built target doc
[  4%] Built target ignition-gazebo_private_msgs
[ 25%] Built target ignition-gazebo2
[ 26%] Built target ign-gazebo-exec
[ 27%] [34m[1mAutomatic MOC for target ignition-gazebo2-gui[0m
[ 27%] Built target ignition-gazebo2-gui_autogen
[ 37%] Built target ignition-gazebo2-gui
[ 38%] Built target ignition-gazebo2-ign
[ 40%] Built target ign-gazebo-gui
[ 42%] Built target ign-gazebo-server
[ 45%] Built target ignition-gazebo2-rendering
[ 50%] Built target EntityTree
[ 55%] Built target GzScene3D
[ 60%] Built target TransformControl
[ 62%] Built target ignition-gazebo2-air-pressure-system
[ 64%] Built target ignition-gazebo2-altimeter-system
[ 65%] Built target ignition-gazebo2-apply-joint-force-system
[ 67%] Built target ignition-gazebo2-linearbatteryplugin-system
[ 69%] Built target ignition-gazebo2-contact-system
[ 71%] Built target ignition-gazebo2-diff-drive-system
[ 73%] Built target ignition-gazebo2-imu-system
[ 75%] Built target ignition-gazebo2-joint-controller-system
[ 76%] Built target ignition-gazebo2-joint-state-publisher-system
[ 78%] Built target ignition-gazebo2-lift-drag-system
[ 80%] Built target ignition-gazebo2-log-system
[ 82%] Built target ignition-gazebo2-logical-camera-system
[ 83%] Built target ignition-gazebo2-magnetometer-system
[ 85%] Built target ignition-gazebo2-multicopter-motor-model-system
[ 87%] Built target ignition-gazebo2-physics-system
[ 88%] Built target ignition-gazebo2-pose-publisher-system
[ 90%] Built target ignition-gazebo2-scene-broadcaster-system
[ 91%] Built target ignition-gazebo2-sensors-system
[ 93%] Built target ignition-gazebo2-touchplugin-system
[ 95%] Built target ignition-gazebo2-user-commands-system
[ 96%] Built target ignition-gazebo2-wind-effects-system
[ 98%] Built target gtest
[100%] Built target gtest_main
[36mInstall the project...[0m
-- Install configuration: "RelWithDebInfo"
-- Up-to-date: /home/mingfei/Documents/GSoC/ws_blueprint/src/install/lib/cmake/ignition-gazebo2-all/ignition-gazebo2-all-config.cmake
-- Up-to-date: /home/mingfei/Documents/GSoC/ws_blueprint/src/install/lib/cmake/ignition-gazebo2-all/ignition-gazebo2-all-config-version.cmake
-- Up-to-date: /home/mingfei/Documents/GSoC/ws_blueprint/src/install/lib/cmake/ignition-gazebo2-all/ignition-gazebo2-all-targets.cmake
-- Installing: /home/mingfei/Documents/GSoC/ws_blueprint/src/install/share/ignition/ignition-gazebo2/ignition-gazebo2.tag.xml
-- Up-to-date: /home/mingfei/Documents/GSoC/ws_blueprint/src/install/include/ignition/gazebo2/ignition/gazebo/ign/detail/Export.hh
-- Up-to-date: /home/mingfei/Documents/GSoC/ws_blueprint/src/install/include/ignition/gazebo2/ignition/gazebo/ign/Export.hh
-- Up-to-date: /home/mingfei/Documents/GSoC/ws_blueprint/src/install/lib/libignition-gazebo2-ign.so.2.6.1
-- Up-to-date: /home/mingfei/Documents/GSoC/ws_blueprint/src/install/lib/libignition-gazebo2-ign.so.2
-- Up-to-date: /home/mingfei/Documents/GSoC/ws_blueprint/src/install/lib/libignition-gazebo2-ign.so
-- Up-to-date: /home/mingfei/Documents/GSoC/ws_blueprint/src/install/lib/cmake/ignition-gazebo2-ign/ignition-gazebo2-ign-config.cmake
-- Up-to-date: /home/mingfei/Documents/GSoC/ws_blueprint/src/install/lib/cmake/ignition-gazebo2-ign/ignition-gazebo2-ign-config-version.cmake
-- Up-to-date: /home/mingfei/Documents/GSoC/ws_blueprint/src/install/lib/cmake/ignition-gazebo2-ign/ignition-gazebo2-ign-targets.cmake
-- Up-to-date: /home/mingfei/Documents/GSoC/ws_blueprint/src/install/lib/cmake/ignition-gazebo2-ign/ignition-gazebo2-ign-targets-relwithdebinfo.cmake
-- Up-to-date: /home/mingfei/Documents/GSoC/ws_blueprint/src/install/lib/pkgconfig/ignition-gazebo2-ign.pc
-- Up-to-date: /home/mingfei/Documents/GSoC/ws_blueprint/src/install/include/ignition/gazebo2/ignition/gazebo/detail/Export.hh
-- Up-to-date: /home/mingfei/Documents/GSoC/ws_blueprint/src/install/include/ignition/gazebo2/ignition/gazebo/Export.hh
-- Up-to-date: /home/mingfei/Documents/GSoC/ws_blueprint/src/install/lib/libignition-gazebo2.so.2.6.1
-- Up-to-date: /home/mingfei/Documents/GSoC/ws_blueprint/src/install/lib/libignition-gazebo2.so.2
-- Up-to-date: /home/mingfei/Documents/GSoC/ws_blueprint/src/install/lib/libignition-gazebo2.so
-- Up-to-date: /home/mingfei/Documents/GSoC/ws_blueprint/src/install/lib/cmake/ignition-gazebo2/ignition-gazebo2-config.cmake
-- Up-to-date: /home/mingfei/Documents/GSoC/ws_blueprint/src/install/lib/cmake/ignition-gazebo2/ignition-gazebo2-config-version.cmake
-- Up-to-date: /home/mingfei/Documents/GSoC/ws_blueprint/src/install/lib/cmake/ignition-gazebo2/ignition-gazebo2-targets.cmake
-- Up-to-date: /home/mingfei/Documents/GSoC/ws_blueprint/src/install/lib/cmake/ignition-gazebo2/ignition-gazebo2-targets-relwithdebinfo.cmake
-- Up-to-date: /home/mingfei/Documents/GSoC/ws_blueprint/src/install/lib/pkgconfig/ignition-gazebo2.pc
-- Up-to-date: /home/mingfei/Documents/GSoC/ws_blueprint/src/install/bin/ign-gazebo-2.6.1
-- Up-to-date: /home/mingfei/Documents/GSoC/ws_blueprint/src/install/bin/ign-gazebo
-- Up-to-date: /home/mingfei/Documents/GSoC/ws_blueprint/src/install/bin/ign-gazebo-server-2.6.1
-- Up-to-date: /home/mingfei/Documents/GSoC/ws_blueprint/src/install/bin/ign-gazebo-server
-- Up-to-date: /home/mingfei/Documents/GSoC/ws_blueprint/src/install/bin/ign-gazebo-gui-2.6.1
-- Up-to-date: /home/mingfei/Documents/GSoC/ws_blueprint/src/install/bin/ign-gazebo-gui
-- Up-to-date: /home/mingfei/Documents/GSoC/ws_blueprint/src/install/include/ignition/gazebo2/ignition/gazebo/rendering/detail/Export.hh
-- Up-to-date: /home/mingfei/Documents/GSoC/ws_blueprint/src/install/include/ignition/gazebo2/ignition/gazebo/rendering/Export.hh
-- Up-to-date: /home/mingfei/Documents/GSoC/ws_blueprint/src/install/lib/libignition-gazebo2-rendering.so.2.6.1
-- Up-to-date: /home/mingfei/Documents/GSoC/ws_blueprint/src/install/lib/libignition-gazebo2-rendering.so.2
-- Up-to-date: /home/mingfei/Documents/GSoC/ws_blueprint/src/install/lib/libignition-gazebo2-rendering.so
-- Up-to-date: /home/mingfei/Documents/GSoC/ws_blueprint/src/install/lib/cmake/ignition-gazebo2-rendering/ignition-gazebo2-rendering-config.cmake
-- Up-to-date: /home/mingfei/Documents/GSoC/ws_blueprint/src/install/lib/cmake/ignition-gazebo2-rendering/ignition-gazebo2-rendering-config-version.cmake
-- Up-to-date: /home/mingfei/Documents/GSoC/ws_blueprint/src/install/lib/cmake/ignition-gazebo2-rendering/ignition-gazebo2-rendering-targets.cmake
-- Up-to-date: /home/mingfei/Documents/GSoC/ws_blueprint/src/install/lib/cmake/ignition-gazebo2-rendering/ignition-gazebo2-rendering-targets-relwithdebinfo.cmake
-- Up-to-date: /home/mingfei/Documents/GSoC/ws_blueprint/src/install/lib/pkgconfig/ignition-gazebo2-rendering.pc
-- Up-to-date: /home/mingfei/Documents/GSoC/ws_blueprint/src/install/lib/libignition-gazebo2-rendering.so.2.6.1
-- Up-to-date: /home/mingfei/Documents/GSoC/ws_blueprint/src/install/lib/libignition-gazebo2-rendering.so.2
-- Up-to-date: /home/mingfei/Documents/GSoC/ws_blueprint/src/install/lib/libignition-gazebo2-rendering.so
-- Up-to-date: /home/mingfei/Documents/GSoC/ws_blueprint/src/install/lib/ign-gazebo-2/plugins/gui/libEntityTree.so
-- Up-to-date: /home/mingfei/Documents/GSoC/ws_blueprint/src/install/lib/ign-gazebo-2/plugins/gui/libGzScene3D.so
-- Up-to-date: /home/mingfei/Documents/GSoC/ws_blueprint/src/install/lib/ign-gazebo-2/plugins/gui/libTransformControl.so
-- Up-to-date: /home/mingfei/Documents/GSoC/ws_blueprint/src/install/include/ignition/gazebo2/ignition/gazebo/air-pressure-system/detail/Export.hh
-- Up-to-date: /home/mingfei/Documents/GSoC/ws_blueprint/src/install/include/ignition/gazebo2/ignition/gazebo/air-pressure-system/Export.hh
-- Up-to-date: /home/mingfei/Documents/GSoC/ws_blueprint/src/install/lib/libignition-gazebo2-air-pressure-system.so.2.6.1
-- Up-to-date: /home/mingfei/Documents/GSoC/ws_blueprint/src/install/lib/libignition-gazebo2-air-pressure-system.so.2
-- Up-to-date: /home/mingfei/Documents/GSoC/ws_blueprint/src/install/lib/libignition-gazebo2-air-pressure-system.so
-- Up-to-date: /home/mingfei/Documents/GSoC/ws_blueprint/src/install/lib/cmake/ignition-gazebo2-air-pressure-system/ignition-gazebo2-air-pressure-system-config.cmake
-- Up-to-date: /home/mingfei/Documents/GSoC/ws_blueprint/src/install/lib/cmake/ignition-gazebo2-air-pressure-system/ignition-gazebo2-air-pressure-system-config-version.cmake
-- Up-to-date: /home/mingfei/Documents/GSoC/ws_blueprint/src/install/lib/cmake/ignition-gazebo2-air-pressure-system/ignition-gazebo2-air-pressure-system-targets.cmake
-- Up-to-date: /home/mingfei/Documents/GSoC/ws_blueprint/src/install/lib/cmake/ignition-gazebo2-air-pressure-system/ignition-gazebo2-air-pressure-system-targets-relwithdebinfo.cmake
-- Up-to-date: /home/mingfei/Documents/GSoC/ws_blueprint/src/install/lib/pkgconfig/ignition-gazebo2-air-pressure-system.pc
-- Up-to-date: /home/mingfei/Documents/GSoC/ws_blueprint/src/install/lib/ign-gazebo-2/plugins/libignition-gazebo2-air-pressure-system.so.2.6.1
-- Up-to-date: /home/mingfei/Documents/GSoC/ws_blueprint/src/install/lib/ign-gazebo-2/plugins/libignition-gazebo2-air-pressure-system.so.2
-- Up-to-date: /home/mingfei/Documents/GSoC/ws_blueprint/src/install/lib/ign-gazebo-2/plugins/libignition-gazebo2-air-pressure-system.so
-- Up-to-date: /home/mingfei/Documents/GSoC/ws_blueprint/src/install/lib/ign-gazebo-2/plugins/libignition-gazebo-air-pressure-system.so
-- Up-to-date: /home/mingfei/Documents/GSoC/ws_blueprint/src/install/include/ignition/gazebo2/ignition/gazebo/altimeter-system/detail/Export.hh
-- Up-to-date: /home/mingfei/Documents/GSoC/ws_blueprint/src/install/include/ignition/gazebo2/ignition/gazebo/altimeter-system/Export.hh
-- Up-to-date: /home/mingfei/Documents/GSoC/ws_blueprint/src/install/lib/libignition-gazebo2-altimeter-system.so.2.6.1
-- Up-to-date: /home/mingfei/Documents/GSoC/ws_blueprint/src/install/lib/libignition-gazebo2-altimeter-system.so.2
-- Up-to-date: /home/mingfei/Documents/GSoC/ws_blueprint/src/install/lib/libignition-gazebo2-altimeter-system.so
-- Up-to-date: /home/mingfei/Documents/GSoC/ws_blueprint/src/install/lib/cmake/ignition-gazebo2-altimeter-system/ignition-gazebo2-altimeter-system-config.cmake
-- Up-to-date: /home/mingfei/Documents/GSoC/ws_blueprint/src/install/lib/cmake/ignition-gazebo2-altimeter-system/ignition-gazebo2-altimeter-system-config-version.cmake
-- Up-to-date: /home/mingfei/Documents/GSoC/ws_blueprint/src/install/lib/cmake/ignition-gazebo2-altimeter-system/ignition-gazebo2-altimeter-system-targets.cmake
-- Up-to-date: /home/mingfei/Documents/GSoC/ws_blueprint/src/install/lib/cmake/ignition-gazebo2-altimeter-system/ignition-gazebo2-altimeter-system-targets-relwithdebinfo.cmake
-- Up-to-date: /home/mingfei/Documents/GSoC/ws_blueprint/src/install/lib/pkgconfig/ignition-gazebo2-altimeter-system.pc
-- Up-to-date: /home/mingfei/Documents/GSoC/ws_blueprint/src/install/lib/ign-gazebo-2/plugins/libignition-gazebo2-altimeter-system.so.2.6.1
-- Up-to-date: /home/mingfei/Documents/GSoC/ws_blueprint/src/install/lib/ign-gazebo-2/plugins/libignition-gazebo2-altimeter-system.so.2
-- Up-to-date: /home/mingfei/Documents/GSoC/ws_blueprint/src/install/lib/ign-gazebo-2/plugins/libignition-gazebo2-altimeter-system.so
-- Up-to-date: /home/mingfei/Documents/GSoC/ws_blueprint/src/install/lib/ign-gazebo-2/plugins/libignition-gazebo-altimeter-system.so
-- Up-to-date: /home/mingfei/Documents/GSoC/ws_blueprint/src/install/include/ignition/gazebo2/ignition/gazebo/apply-joint-force-system/detail/Export.hh
-- Up-to-date: /home/mingfei/Documents/GSoC/ws_blueprint/src/install/include/ignition/gazebo2/ignition/gazebo/apply-joint-force-system/Export.hh
-- Up-to-date: /home/mingfei/Documents/GSoC/ws_blueprint/src/install/lib/libignition-gazebo2-apply-joint-force-system.so.2.6.1
-- Up-to-date: /home/mingfei/Documents/GSoC/ws_blueprint/src/install/lib/libignition-gazebo2-apply-joint-force-system.so.2
-- Up-to-date: /home/mingfei/Documents/GSoC/ws_blueprint/src/install/lib/libignition-gazebo2-apply-joint-force-system.so
-- Up-to-date: /home/mingfei/Documents/GSoC/ws_blueprint/src/install/lib/cmake/ignition-gazebo2-apply-joint-force-system/ignition-gazebo2-apply-joint-force-system-config.cmake
-- Up-to-date: /home/mingfei/Documents/GSoC/ws_blueprint/src/install/lib/cmake/ignition-gazebo2-apply-joint-force-system/ignition-gazebo2-apply-joint-force-system-config-version.cmake
-- Up-to-date: /home/mingfei/Documents/GSoC/ws_blueprint/src/install/lib/cmake/ignition-gazebo2-apply-joint-force-system/ignition-gazebo2-apply-joint-force-system-targets.cmake
-- Up-to-date: /home/mingfei/Documents/GSoC/ws_blueprint/src/install/lib/cmake/ignition-gazebo2-apply-joint-force-system/ignition-gazebo2-apply-joint-force-system-targets-relwithdebinfo.cmake
-- Up-to-date: /home/mingfei/Documents/GSoC/ws_blueprint/src/install/lib/pkgconfig/ignition-gazebo2-apply-joint-force-system.pc
-- Up-to-date: /home/mingfei/Documents/GSoC/ws_blueprint/src/install/lib/ign-gazebo-2/plugins/libignition-gazebo2-apply-joint-force-system.so.2.6.1
-- Up-to-date: /home/mingfei/Documents/GSoC/ws_blueprint/src/install/lib/ign-gazebo-2/plugins/libignition-gazebo2-apply-joint-force-system.so.2
-- Up-to-date: /home/mingfei/Documents/GSoC/ws_blueprint/src/install/lib/ign-gazebo-2/plugins/libignition-gazebo2-apply-joint-force-system.so
-- Up-to-date: /home/mingfei/Documents/GSoC/ws_blueprint/src/install/lib/ign-gazebo-2/plugins/libignition-gazebo-apply-joint-force-system.so
-- Up-to-date: /home/mingfei/Documents/GSoC/ws_blueprint/src/install/include/ignition/gazebo2/ignition/gazebo/linearbatteryplugin-system/detail/Export.hh
-- Up-to-date: /home/mingfei/Documents/GSoC/ws_blueprint/src/install/include/ignition/gazebo2/ignition/gazebo/linearbatteryplugin-system/Export.hh
-- Up-to-date: /home/mingfei/Documents/GSoC/ws_blueprint/src/install/lib/libignition-gazebo2-linearbatteryplugin-system.so.2.6.1
-- Up-to-date: /home/mingfei/Documents/GSoC/ws_blueprint/src/install/lib/libignition-gazebo2-linearbatteryplugin-system.so.2
-- Up-to-date: /home/mingfei/Documents/GSoC/ws_blueprint/src/install/lib/libignition-gazebo2-linearbatteryplugin-system.so
-- Up-to-date: /home/mingfei/Documents/GSoC/ws_blueprint/src/install/lib/cmake/ignition-gazebo2-linearbatteryplugin-system/ignition-gazebo2-linearbatteryplugin-system-config.cmake
-- Up-to-date: /home/mingfei/Documents/GSoC/ws_blueprint/src/install/lib/cmake/ignition-gazebo2-linearbatteryplugin-system/ignition-gazebo2-linearbatteryplugin-system-config-version.cmake
-- Up-to-date: /home/mingfei/Documents/GSoC/ws_blueprint/src/install/lib/cmake/ignition-gazebo2-linearbatteryplugin-system/ignition-gazebo2-linearbatteryplugin-system-targets.cmake
-- Up-to-date: /home/mingfei/Documents/GSoC/ws_blueprint/src/install/lib/cmake/ignition-gazebo2-linearbatteryplugin-system/ignition-gazebo2-linearbatteryplugin-system-targets-relwithdebinfo.cmake
-- Up-to-date: /home/mingfei/Documents/GSoC/ws_blueprint/src/install/lib/pkgconfig/ignition-gazebo2-linearbatteryplugin-system.pc
-- Up-to-date: /home/mingfei/Documents/GSoC/ws_blueprint/src/install/lib/ign-gazebo-2/plugins/libignition-gazebo2-linearbatteryplugin-system.so.2.6.1
-- Up-to-date: /home/mingfei/Documents/GSoC/ws_blueprint/src/install/lib/ign-gazebo-2/plugins/libignition-gazebo2-linearbatteryplugin-system.so.2
-- Up-to-date: /home/mingfei/Documents/GSoC/ws_blueprint/src/install/lib/ign-gazebo-2/plugins/libignition-gazebo2-linearbatteryplugin-system.so
-- Up-to-date: /home/mingfei/Documents/GSoC/ws_blueprint/src/install/lib/ign-gazebo-2/plugins/libignition-gazebo-linearbatteryplugin-system.so
-- Up-to-date: /home/mingfei/Documents/GSoC/ws_blueprint/src/install/include/ignition/gazebo2/ignition/gazebo/contact-system/detail/Export.hh
-- Up-to-date: /home/mingfei/Documents/GSoC/ws_blueprint/src/install/include/ignition/gazebo2/ignition/gazebo/contact-system/Export.hh
-- Up-to-date: /home/mingfei/Documents/GSoC/ws_blueprint/src/install/lib/libignition-gazebo2-contact-system.so.2.6.1
-- Up-to-date: /home/mingfei/Documents/GSoC/ws_blueprint/src/install/lib/libignition-gazebo2-contact-system.so.2
-- Up-to-date: /home/mingfei/Documents/GSoC/ws_blueprint/src/install/lib/libignition-gazebo2-contact-system.so
-- Up-to-date: /home/mingfei/Documents/GSoC/ws_blueprint/src/install/lib/cmake/ignition-gazebo2-contact-system/ignition-gazebo2-contact-system-config.cmake
-- Up-to-date: /home/mingfei/Documents/GSoC/ws_blueprint/src/install/lib/cmake/ignition-gazebo2-contact-system/ignition-gazebo2-contact-system-config-version.cmake
-- Up-to-date: /home/mingfei/Documents/GSoC/ws_blueprint/src/install/lib/cmake/ignition-gazebo2-contact-system/ignition-gazebo2-contact-system-targets.cmake
-- Up-to-date: /home/mingfei/Documents/GSoC/ws_blueprint/src/install/lib/cmake/ignition-gazebo2-contact-system/ignition-gazebo2-contact-system-targets-relwithdebinfo.cmake
-- Up-to-date: /home/mingfei/Documents/GSoC/ws_blueprint/src/install/lib/pkgconfig/ignition-gazebo2-contact-system.pc
-- Up-to-date: /home/mingfei/Documents/GSoC/ws_blueprint/src/install/lib/ign-gazebo-2/plugins/libignition-gazebo2-contact-system.so.2.6.1
-- Up-to-date: /home/mingfei/Documents/GSoC/ws_blueprint/src/install/lib/ign-gazebo-2/plugins/libignition-gazebo2-contact-system.so.2
-- Up-to-date: /home/mingfei/Documents/GSoC/ws_blueprint/src/install/lib/ign-gazebo-2/plugins/libignition-gazebo2-contact-system.so
-- Up-to-date: /home/mingfei/Documents/GSoC/ws_blueprint/src/install/lib/ign-gazebo-2/plugins/libignition-gazebo-contact-system.so
-- Up-to-date: /home/mingfei/Documents/GSoC/ws_blueprint/src/install/include/ignition/gazebo2/ignition/gazebo/diff-drive-system/detail/Export.hh
-- Up-to-date: /home/mingfei/Documents/GSoC/ws_blueprint/src/install/include/ignition/gazebo2/ignition/gazebo/diff-drive-system/Export.hh
-- Up-to-date: /home/mingfei/Documents/GSoC/ws_blueprint/src/install/lib/libignition-gazebo2-diff-drive-system.so.2.6.1
-- Up-to-date: /home/mingfei/Documents/GSoC/ws_blueprint/src/install/lib/libignition-gazebo2-diff-drive-system.so.2
-- Up-to-date: /home/mingfei/Documents/GSoC/ws_blueprint/src/install/lib/libignition-gazebo2-diff-drive-system.so
-- Up-to-date: /home/mingfei/Documents/GSoC/ws_blueprint/src/install/lib/cmake/ignition-gazebo2-diff-drive-system/ignition-gazebo2-diff-drive-system-config.cmake
-- Up-to-date: /home/mingfei/Documents/GSoC/ws_blueprint/src/install/lib/cmake/ignition-gazebo2-diff-drive-system/ignition-gazebo2-diff-drive-system-config-version.cmake
-- Up-to-date: /home/mingfei/Documents/GSoC/ws_blueprint/src/install/lib/cmake/ignition-gazebo2-diff-drive-system/ignition-gazebo2-diff-drive-system-targets.cmake
-- Up-to-date: /home/mingfei/Documents/GSoC/ws_blueprint/src/install/lib/cmake/ignition-gazebo2-diff-drive-system/ignition-gazebo2-diff-drive-system-targets-relwithdebinfo.cmake
-- Up-to-date: /home/mingfei/Documents/GSoC/ws_blueprint/src/install/lib/pkgconfig/ignition-gazebo2-diff-drive-system.pc
-- Up-to-date: /home/mingfei/Documents/GSoC/ws_blueprint/src/install/lib/ign-gazebo-2/plugins/libignition-gazebo2-diff-drive-system.so.2.6.1
-- Up-to-date: /home/mingfei/Documents/GSoC/ws_blueprint/src/install/lib/ign-gazebo-2/plugins/libignition-gazebo2-diff-drive-system.so.2
-- Up-to-date: /home/mingfei/Documents/GSoC/ws_blueprint/src/install/lib/ign-gazebo-2/plugins/libignition-gazebo2-diff-drive-system.so
-- Up-to-date: /home/mingfei/Documents/GSoC/ws_blueprint/src/install/lib/ign-gazebo-2/plugins/libignition-gazebo-diff-drive-system.so
-- Up-to-date: /home/mingfei/Documents/GSoC/ws_blueprint/src/install/include/ignition/gazebo2/ignition/gazebo/imu-system/detail/Export.hh
-- Up-to-date: /home/mingfei/Documents/GSoC/ws_blueprint/src/install/include/ignition/gazebo2/ignition/gazebo/imu-system/Export.hh
-- Up-to-date: /home/mingfei/Documents/GSoC/ws_blueprint/src/install/lib/libignition-gazebo2-imu-system.so.2.6.1
-- Up-to-date: /home/mingfei/Documents/GSoC/ws_blueprint/src/install/lib/libignition-gazebo2-imu-system.so.2
-- Up-to-date: /home/mingfei/Documents/GSoC/ws_blueprint/src/install/lib/libignition-gazebo2-imu-system.so
-- Up-to-date: /home/mingfei/Documents/GSoC/ws_blueprint/src/install/lib/cmake/ignition-gazebo2-imu-system/ignition-gazebo2-imu-system-config.cmake
-- Up-to-date: /home/mingfei/Documents/GSoC/ws_blueprint/src/install/lib/cmake/ignition-gazebo2-imu-system/ignition-gazebo2-imu-system-config-version.cmake
-- Up-to-date: /home/mingfei/Documents/GSoC/ws_blueprint/src/install/lib/cmake/ignition-gazebo2-imu-system/ignition-gazebo2-imu-system-targets.cmake
-- Up-to-date: /home/mingfei/Documents/GSoC/ws_blueprint/src/install/lib/cmake/ignition-gazebo2-imu-system/ignition-gazebo2-imu-system-targets-relwithdebinfo.cmake
-- Up-to-date: /home/mingfei/Documents/GSoC/ws_blueprint/src/install/lib/pkgconfig/ignition-gazebo2-imu-system.pc
-- Up-to-date: /home/mingfei/Documents/GSoC/ws_blueprint/src/install/lib/ign-gazebo-2/plugins/libignition-gazebo2-imu-system.so.2.6.1
-- Up-to-date: /home/mingfei/Documents/GSoC/ws_blueprint/src/install/lib/ign-gazebo-2/plugins/libignition-gazebo2-imu-system.so.2
-- Up-to-date: /home/mingfei/Documents/GSoC/ws_blueprint/src/install/lib/ign-gazebo-2/plugins/libignition-gazebo2-imu-system.so
-- Up-to-date: /home/mingfei/Documents/GSoC/ws_blueprint/src/install/lib/ign-gazebo-2/plugins/libignition-gazebo-imu-system.so
-- Up-to-date: /home/mingfei/Documents/GSoC/ws_blueprint/src/install/include/ignition/gazebo2/ignition/gazebo/joint-controller-system/detail/Export.hh
-- Up-to-date: /home/mingfei/Documents/GSoC/ws_blueprint/src/install/include/ignition/gazebo2/ignition/gazebo/joint-controller-system/Export.hh
-- Up-to-date: /home/mingfei/Documents/GSoC/ws_blueprint/src/install/lib/libignition-gazebo2-joint-controller-system.so.2.6.1
-- Up-to-date: /home/mingfei/Documents/GSoC/ws_blueprint/src/install/lib/libignition-gazebo2-joint-controller-system.so.2
-- Up-to-date: /home/mingfei/Documents/GSoC/ws_blueprint/src/install/lib/libignition-gazebo2-joint-controller-system.so
-- Up-to-date: /home/mingfei/Documents/GSoC/ws_blueprint/src/install/lib/cmake/ignition-gazebo2-joint-controller-system/ignition-gazebo2-joint-controller-system-config.cmake
-- Up-to-date: /home/mingfei/Documents/GSoC/ws_blueprint/src/install/lib/cmake/ignition-gazebo2-joint-controller-system/ignition-gazebo2-joint-controller-system-config-version.cmake
-- Up-to-date: /home/mingfei/Documents/GSoC/ws_blueprint/src/install/lib/cmake/ignition-gazebo2-joint-controller-system/ignition-gazebo2-joint-controller-system-targets.cmake
-- Up-to-date: /home/mingfei/Documents/GSoC/ws_blueprint/src/install/lib/cmake/ignition-gazebo2-joint-controller-system/ignition-gazebo2-joint-controller-system-targets-relwithdebinfo.cmake
-- Up-to-date: /home/mingfei/Documents/GSoC/ws_blueprint/src/install/lib/pkgconfig/ignition-gazebo2-joint-controller-system.pc
-- Up-to-date: /home/mingfei/Documents/GSoC/ws_blueprint/src/install/lib/ign-gazebo-2/plugins/libignition-gazebo2-joint-controller-system.so.2.6.1
-- Up-to-date: /home/mingfei/Documents/GSoC/ws_blueprint/src/install/lib/ign-gazebo-2/plugins/libignition-gazebo2-joint-controller-system.so.2
-- Up-to-date: /home/mingfei/Documents/GSoC/ws_blueprint/src/install/lib/ign-gazebo-2/plugins/libignition-gazebo2-joint-controller-system.so
-- Up-to-date: /home/mingfei/Documents/GSoC/ws_blueprint/src/install/lib/ign-gazebo-2/plugins/libignition-gazebo-joint-controller-system.so
-- Up-to-date: /home/mingfei/Documents/GSoC/ws_blueprint/src/install/include/ignition/gazebo2/ignition/gazebo/joint-state-publisher-system/detail/Export.hh
-- Up-to-date: /home/mingfei/Documents/GSoC/ws_blueprint/src/install/include/ignition/gazebo2/ignition/gazebo/joint-state-publisher-system/Export.hh
-- Up-to-date: /home/mingfei/Documents/GSoC/ws_blueprint/src/install/lib/libignition-gazebo2-joint-state-publisher-system.so.2.6.1
-- Up-to-date: /home/mingfei/Documents/GSoC/ws_blueprint/src/install/lib/libignition-gazebo2-joint-state-publisher-system.so.2
-- Up-to-date: /home/mingfei/Documents/GSoC/ws_blueprint/src/install/lib/libignition-gazebo2-joint-state-publisher-system.so
-- Up-to-date: /home/mingfei/Documents/GSoC/ws_blueprint/src/install/lib/cmake/ignition-gazebo2-joint-state-publisher-system/ignition-gazebo2-joint-state-publisher-system-config.cmake
-- Up-to-date: /home/mingfei/Documents/GSoC/ws_blueprint/src/install/lib/cmake/ignition-gazebo2-joint-state-publisher-system/ignition-gazebo2-joint-state-publisher-system-config-version.cmake
-- Up-to-date: /home/mingfei/Documents/GSoC/ws_blueprint/src/install/lib/cmake/ignition-gazebo2-joint-state-publisher-system/ignition-gazebo2-joint-state-publisher-system-targets.cmake
-- Up-to-date: /home/mingfei/Documents/GSoC/ws_blueprint/src/install/lib/cmake/ignition-gazebo2-joint-state-publisher-system/ignition-gazebo2-joint-state-publisher-system-targets-relwithdebinfo.cmake
-- Up-to-date: /home/mingfei/Documents/GSoC/ws_blueprint/src/install/lib/pkgconfig/ignition-gazebo2-joint-state-publisher-system.pc
-- Up-to-date: /home/mingfei/Documents/GSoC/ws_blueprint/src/install/lib/ign-gazebo-2/plugins/libignition-gazebo2-joint-state-publisher-system.so.2.6.1
-- Up-to-date: /home/mingfei/Documents/GSoC/ws_blueprint/src/install/lib/ign-gazebo-2/plugins/libignition-gazebo2-joint-state-publisher-system.so.2
-- Up-to-date: /home/mingfei/Documents/GSoC/ws_blueprint/src/install/lib/ign-gazebo-2/plugins/libignition-gazebo2-joint-state-publisher-system.so
-- Up-to-date: /home/mingfei/Documents/GSoC/ws_blueprint/src/install/lib/ign-gazebo-2/plugins/libignition-gazebo-joint-state-publisher-system.so
-- Up-to-date: /home/mingfei/Documents/GSoC/ws_blueprint/src/install/include/ignition/gazebo2/ignition/gazebo/lift-drag-system/detail/Export.hh
-- Up-to-date: /home/mingfei/Documents/GSoC/ws_blueprint/src/install/include/ignition/gazebo2/ignition/gazebo/lift-drag-system/Export.hh
-- Up-to-date: /home/mingfei/Documents/GSoC/ws_blueprint/src/install/lib/libignition-gazebo2-lift-drag-system.so.2.6.1
-- Up-to-date: /home/mingfei/Documents/GSoC/ws_blueprint/src/install/lib/libignition-gazebo2-lift-drag-system.so.2
-- Up-to-date: /home/mingfei/Documents/GSoC/ws_blueprint/src/install/lib/libignition-gazebo2-lift-drag-system.so
-- Up-to-date: /home/mingfei/Documents/GSoC/ws_blueprint/src/install/lib/cmake/ignition-gazebo2-lift-drag-system/ignition-gazebo2-lift-drag-system-config.cmake
-- Up-to-date: /home/mingfei/Documents/GSoC/ws_blueprint/src/install/lib/cmake/ignition-gazebo2-lift-drag-system/ignition-gazebo2-lift-drag-system-config-version.cmake
-- Up-to-date: /home/mingfei/Documents/GSoC/ws_blueprint/src/install/lib/cmake/ignition-gazebo2-lift-drag-system/ignition-gazebo2-lift-drag-system-targets.cmake
-- Up-to-date: /home/mingfei/Documents/GSoC/ws_blueprint/src/install/lib/cmake/ignition-gazebo2-lift-drag-system/ignition-gazebo2-lift-drag-system-targets-relwithdebinfo.cmake
-- Up-to-date: /home/mingfei/Documents/GSoC/ws_blueprint/src/install/lib/pkgconfig/ignition-gazebo2-lift-drag-system.pc
-- Up-to-date: /home/mingfei/Documents/GSoC/ws_blueprint/src/install/lib/ign-gazebo-2/plugins/libignition-gazebo2-lift-drag-system.so.2.6.1
-- Up-to-date: /home/mingfei/Documents/GSoC/ws_blueprint/src/install/lib/ign-gazebo-2/plugins/libignition-gazebo2-lift-drag-system.so.2
-- Up-to-date: /home/mingfei/Documents/GSoC/ws_blueprint/src/install/lib/ign-gazebo-2/plugins/libignition-gazebo2-lift-drag-system.so
-- Up-to-date: /home/mingfei/Documents/GSoC/ws_blueprint/src/install/lib/ign-gazebo-2/plugins/libignition-gazebo-lift-drag-system.so
-- Up-to-date: /home/mingfei/Documents/GSoC/ws_blueprint/src/install/include/ignition/gazebo2/ignition/gazebo/log-system/detail/Export.hh
-- Up-to-date: /home/mingfei/Documents/GSoC/ws_blueprint/src/install/include/ignition/gazebo2/ignition/gazebo/log-system/Export.hh
-- Up-to-date: /home/mingfei/Documents/GSoC/ws_blueprint/src/install/lib/libignition-gazebo2-log-system.so.2.6.1
-- Up-to-date: /home/mingfei/Documents/GSoC/ws_blueprint/src/install/lib/libignition-gazebo2-log-system.so.2
-- Up-to-date: /home/mingfei/Documents/GSoC/ws_blueprint/src/install/lib/libignition-gazebo2-log-system.so
-- Up-to-date: /home/mingfei/Documents/GSoC/ws_blueprint/src/install/lib/cmake/ignition-gazebo2-log-system/ignition-gazebo2-log-system-config.cmake
-- Up-to-date: /home/mingfei/Documents/GSoC/ws_blueprint/src/install/lib/cmake/ignition-gazebo2-log-system/ignition-gazebo2-log-system-config-version.cmake
-- Up-to-date: /home/mingfei/Documents/GSoC/ws_blueprint/src/install/lib/cmake/ignition-gazebo2-log-system/ignition-gazebo2-log-system-targets.cmake
-- Up-to-date: /home/mingfei/Documents/GSoC/ws_blueprint/src/install/lib/cmake/ignition-gazebo2-log-system/ignition-gazebo2-log-system-targets-relwithdebinfo.cmake
-- Up-to-date: /home/mingfei/Documents/GSoC/ws_blueprint/src/install/lib/pkgconfig/ignition-gazebo2-log-system.pc
-- Up-to-date: /home/mingfei/Documents/GSoC/ws_blueprint/src/install/lib/ign-gazebo-2/plugins/libignition-gazebo2-log-system.so.2.6.1
-- Up-to-date: /home/mingfei/Documents/GSoC/ws_blueprint/src/install/lib/ign-gazebo-2/plugins/libignition-gazebo2-log-system.so.2
-- Up-to-date: /home/mingfei/Documents/GSoC/ws_blueprint/src/install/lib/ign-gazebo-2/plugins/libignition-gazebo2-log-system.so
-- Up-to-date: /home/mingfei/Documents/GSoC/ws_blueprint/src/install/lib/ign-gazebo-2/plugins/libignition-gazebo-log-system.so
-- Up-to-date: /home/mingfei/Documents/GSoC/ws_blueprint/src/install/include/ignition/gazebo2/ignition/gazebo/logical-camera-system/detail/Export.hh
-- Up-to-date: /home/mingfei/Documents/GSoC/ws_blueprint/src/install/include/ignition/gazebo2/ignition/gazebo/logical-camera-system/Export.hh
-- Up-to-date: /home/mingfei/Documents/GSoC/ws_blueprint/src/install/lib/libignition-gazebo2-logical-camera-system.so.2.6.1
-- Up-to-date: /home/mingfei/Documents/GSoC/ws_blueprint/src/install/lib/libignition-gazebo2-logical-camera-system.so.2
-- Up-to-date: /home/mingfei/Documents/GSoC/ws_blueprint/src/install/lib/libignition-gazebo2-logical-camera-system.so
-- Up-to-date: /home/mingfei/Documents/GSoC/ws_blueprint/src/install/lib/cmake/ignition-gazebo2-logical-camera-system/ignition-gazebo2-logical-camera-system-config.cmake
-- Up-to-date: /home/mingfei/Documents/GSoC/ws_blueprint/src/install/lib/cmake/ignition-gazebo2-logical-camera-system/ignition-gazebo2-logical-camera-system-config-version.cmake
-- Up-to-date: /home/mingfei/Documents/GSoC/ws_blueprint/src/install/lib/cmake/ignition-gazebo2-logical-camera-system/ignition-gazebo2-logical-camera-system-targets.cmake
-- Up-to-date: /home/mingfei/Documents/GSoC/ws_blueprint/src/install/lib/cmake/ignition-gazebo2-logical-camera-system/ignition-gazebo2-logical-camera-system-targets-relwithdebinfo.cmake
-- Up-to-date: /home/mingfei/Documents/GSoC/ws_blueprint/src/install/lib/pkgconfig/ignition-gazebo2-logical-camera-system.pc
-- Up-to-date: /home/mingfei/Documents/GSoC/ws_blueprint/src/install/lib/ign-gazebo-2/plugins/libignition-gazebo2-logical-camera-system.so.2.6.1
-- Up-to-date: /home/mingfei/Documents/GSoC/ws_blueprint/src/install/lib/ign-gazebo-2/plugins/libignition-gazebo2-logical-camera-system.so.2
-- Up-to-date: /home/mingfei/Documents/GSoC/ws_blueprint/src/install/lib/ign-gazebo-2/plugins/libignition-gazebo2-logical-camera-system.so
-- Up-to-date: /home/mingfei/Documents/GSoC/ws_blueprint/src/install/lib/ign-gazebo-2/plugins/libignition-gazebo-logical-camera-system.so
-- Up-to-date: /home/mingfei/Documents/GSoC/ws_blueprint/src/install/include/ignition/gazebo2/ignition/gazebo/magnetometer-system/detail/Export.hh
-- Up-to-date: /home/mingfei/Documents/GSoC/ws_blueprint/src/install/include/ignition/gazebo2/ignition/gazebo/magnetometer-system/Export.hh
-- Up-to-date: /home/mingfei/Documents/GSoC/ws_blueprint/src/install/lib/libignition-gazebo2-magnetometer-system.so.2.6.1
-- Up-to-date: /home/mingfei/Documents/GSoC/ws_blueprint/src/install/lib/libignition-gazebo2-magnetometer-system.so.2
-- Up-to-date: /home/mingfei/Documents/GSoC/ws_blueprint/src/install/lib/libignition-gazebo2-magnetometer-system.so
-- Up-to-date: /home/mingfei/Documents/GSoC/ws_blueprint/src/install/lib/cmake/ignition-gazebo2-magnetometer-system/ignition-gazebo2-magnetometer-system-config.cmake
-- Up-to-date: /home/mingfei/Documents/GSoC/ws_blueprint/src/install/lib/cmake/ignition-gazebo2-magnetometer-system/ignition-gazebo2-magnetometer-system-config-version.cmake
-- Up-to-date: /home/mingfei/Documents/GSoC/ws_blueprint/src/install/lib/cmake/ignition-gazebo2-magnetometer-system/ignition-gazebo2-magnetometer-system-targets.cmake
-- Up-to-date: /home/mingfei/Documents/GSoC/ws_blueprint/src/install/lib/cmake/ignition-gazebo2-magnetometer-system/ignition-gazebo2-magnetometer-system-targets-relwithdebinfo.cmake
-- Up-to-date: /home/mingfei/Documents/GSoC/ws_blueprint/src/install/lib/pkgconfig/ignition-gazebo2-magnetometer-system.pc
-- Up-to-date: /home/mingfei/Documents/GSoC/ws_blueprint/src/install/lib/ign-gazebo-2/plugins/libignition-gazebo2-magnetometer-system.so.2.6.1
-- Up-to-date: /home/mingfei/Documents/GSoC/ws_blueprint/src/install/lib/ign-gazebo-2/plugins/libignition-gazebo2-magnetometer-system.so.2
-- Up-to-date: /home/mingfei/Documents/GSoC/ws_blueprint/src/install/lib/ign-gazebo-2/plugins/libignition-gazebo2-magnetometer-system.so
-- Up-to-date: /home/mingfei/Documents/GSoC/ws_blueprint/src/install/lib/ign-gazebo-2/plugins/libignition-gazebo-magnetometer-system.so
-- Up-to-date: /home/mingfei/Documents/GSoC/ws_blueprint/src/install/include/ignition/gazebo2/ignition/gazebo/multicopter-motor-model-system/detail/Export.hh
-- Up-to-date: /home/mingfei/Documents/GSoC/ws_blueprint/src/install/include/ignition/gazebo2/ignition/gazebo/multicopter-motor-model-system/Export.hh
-- Up-to-date: /home/mingfei/Documents/GSoC/ws_blueprint/src/install/lib/libignition-gazebo2-multicopter-motor-model-system.so.2.6.1
-- Up-to-date: /home/mingfei/Documents/GSoC/ws_blueprint/src/install/lib/libignition-gazebo2-multicopter-motor-model-system.so.2
-- Up-to-date: /home/mingfei/Documents/GSoC/ws_blueprint/src/install/lib/libignition-gazebo2-multicopter-motor-model-system.so
-- Up-to-date: /home/mingfei/Documents/GSoC/ws_blueprint/src/install/lib/cmake/ignition-gazebo2-multicopter-motor-model-system/ignition-gazebo2-multicopter-motor-model-system-config.cmake
-- Up-to-date: /home/mingfei/Documents/GSoC/ws_blueprint/src/install/lib/cmake/ignition-gazebo2-multicopter-motor-model-system/ignition-gazebo2-multicopter-motor-model-system-config-version.cmake
-- Up-to-date: /home/mingfei/Documents/GSoC/ws_blueprint/src/install/lib/cmake/ignition-gazebo2-multicopter-motor-model-system/ignition-gazebo2-multicopter-motor-model-system-targets.cmake
-- Up-to-date: /home/mingfei/Documents/GSoC/ws_blueprint/src/install/lib/cmake/ignition-gazebo2-multicopter-motor-model-system/ignition-gazebo2-multicopter-motor-model-system-targets-relwithdebinfo.cmake
-- Up-to-date: /home/mingfei/Documents/GSoC/ws_blueprint/src/install/lib/pkgconfig/ignition-gazebo2-multicopter-motor-model-system.pc
-- Up-to-date: /home/mingfei/Documents/GSoC/ws_blueprint/src/install/lib/ign-gazebo-2/plugins/libignition-gazebo2-multicopter-motor-model-system.so.2.6.1
-- Up-to-date: /home/mingfei/Documents/GSoC/ws_blueprint/src/install/lib/ign-gazebo-2/plugins/libignition-gazebo2-multicopter-motor-model-system.so.2
-- Up-to-date: /home/mingfei/Documents/GSoC/ws_blueprint/src/install/lib/ign-gazebo-2/plugins/libignition-gazebo2-multicopter-motor-model-system.so
-- Up-to-date: /home/mingfei/Documents/GSoC/ws_blueprint/src/install/lib/ign-gazebo-2/plugins/libignition-gazebo-multicopter-motor-model-system.so
-- Up-to-date: /home/mingfei/Documents/GSoC/ws_blueprint/src/install/include/ignition/gazebo2/ignition/gazebo/physics-system/detail/Export.hh
-- Up-to-date: /home/mingfei/Documents/GSoC/ws_blueprint/src/install/include/ignition/gazebo2/ignition/gazebo/physics-system/Export.hh
-- Up-to-date: /home/mingfei/Documents/GSoC/ws_blueprint/src/install/lib/libignition-gazebo2-physics-system.so.2.6.1
-- Up-to-date: /home/mingfei/Documents/GSoC/ws_blueprint/src/install/lib/libignition-gazebo2-physics-system.so.2
-- Up-to-date: /home/mingfei/Documents/GSoC/ws_blueprint/src/install/lib/libignition-gazebo2-physics-system.so
-- Up-to-date: /home/mingfei/Documents/GSoC/ws_blueprint/src/install/lib/cmake/ignition-gazebo2-physics-system/ignition-gazebo2-physics-system-config.cmake
-- Up-to-date: /home/mingfei/Documents/GSoC/ws_blueprint/src/install/lib/cmake/ignition-gazebo2-physics-system/ignition-gazebo2-physics-system-config-version.cmake
-- Up-to-date: /home/mingfei/Documents/GSoC/ws_blueprint/src/install/lib/cmake/ignition-gazebo2-physics-system/ignition-gazebo2-physics-system-targets.cmake
-- Up-to-date: /home/mingfei/Documents/GSoC/ws_blueprint/src/install/lib/cmake/ignition-gazebo2-physics-system/ignition-gazebo2-physics-system-targets-relwithdebinfo.cmake
-- Up-to-date: /home/mingfei/Documents/GSoC/ws_blueprint/src/install/lib/pkgconfig/ignition-gazebo2-physics-system.pc
-- Up-to-date: /home/mingfei/Documents/GSoC/ws_blueprint/src/install/lib/ign-gazebo-2/plugins/libignition-gazebo2-physics-system.so.2.6.1
-- Up-to-date: /home/mingfei/Documents/GSoC/ws_blueprint/src/install/lib/ign-gazebo-2/plugins/libignition-gazebo2-physics-system.so.2
-- Up-to-date: /home/mingfei/Documents/GSoC/ws_blueprint/src/install/lib/ign-gazebo-2/plugins/libignition-gazebo2-physics-system.so
-- Up-to-date: /home/mingfei/Documents/GSoC/ws_blueprint/src/install/lib/ign-gazebo-2/plugins/libignition-gazebo-physics-system.so
-- Up-to-date: /home/mingfei/Documents/GSoC/ws_blueprint/src/install/include/ignition/gazebo2/ignition/gazebo/pose-publisher-system/detail/Export.hh
-- Up-to-date: /home/mingfei/Documents/GSoC/ws_blueprint/src/install/include/ignition/gazebo2/ignition/gazebo/pose-publisher-system/Export.hh
-- Up-to-date: /home/mingfei/Documents/GSoC/ws_blueprint/src/install/lib/libignition-gazebo2-pose-publisher-system.so.2.6.1
-- Up-to-date: /home/mingfei/Documents/GSoC/ws_blueprint/src/install/lib/libignition-gazebo2-pose-publisher-system.so.2
-- Up-to-date: /home/mingfei/Documents/GSoC/ws_blueprint/src/install/lib/libignition-gazebo2-pose-publisher-system.so
-- Up-to-date: /home/mingfei/Documents/GSoC/ws_blueprint/src/install/lib/cmake/ignition-gazebo2-pose-publisher-system/ignition-gazebo2-pose-publisher-system-config.cmake
-- Up-to-date: /home/mingfei/Documents/GSoC/ws_blueprint/src/install/lib/cmake/ignition-gazebo2-pose-publisher-system/ignition-gazebo2-pose-publisher-system-config-version.cmake
-- Up-to-date: /home/mingfei/Documents/GSoC/ws_blueprint/src/install/lib/cmake/ignition-gazebo2-pose-publisher-system/ignition-gazebo2-pose-publisher-system-targets.cmake
-- Up-to-date: /home/mingfei/Documents/GSoC/ws_blueprint/src/install/lib/cmake/ignition-gazebo2-pose-publisher-system/ignition-gazebo2-pose-publisher-system-targets-relwithdebinfo.cmake
-- Up-to-date: /home/mingfei/Documents/GSoC/ws_blueprint/src/install/lib/pkgconfig/ignition-gazebo2-pose-publisher-system.pc
-- Up-to-date: /home/mingfei/Documents/GSoC/ws_blueprint/src/install/lib/ign-gazebo-2/plugins/libignition-gazebo2-pose-publisher-system.so.2.6.1
-- Up-to-date: /home/mingfei/Documents/GSoC/ws_blueprint/src/install/lib/ign-gazebo-2/plugins/libignition-gazebo2-pose-publisher-system.so.2
-- Up-to-date: /home/mingfei/Documents/GSoC/ws_blueprint/src/install/lib/ign-gazebo-2/plugins/libignition-gazebo2-pose-publisher-system.so
-- Up-to-date: /home/mingfei/Documents/GSoC/ws_blueprint/src/install/lib/ign-gazebo-2/plugins/libignition-gazebo-pose-publisher-system.so
-- Up-to-date: /home/mingfei/Documents/GSoC/ws_blueprint/src/install/include/ignition/gazebo2/ignition/gazebo/scene-broadcaster-system/detail/Export.hh
-- Up-to-date: /home/mingfei/Documents/GSoC/ws_blueprint/src/install/include/ignition/gazebo2/ignition/gazebo/scene-broadcaster-system/Export.hh
-- Up-to-date: /home/mingfei/Documents/GSoC/ws_blueprint/src/install/lib/libignition-gazebo2-scene-broadcaster-system.so.2.6.1
-- Up-to-date: /home/mingfei/Documents/GSoC/ws_blueprint/src/install/lib/libignition-gazebo2-scene-broadcaster-system.so.2
-- Up-to-date: /home/mingfei/Documents/GSoC/ws_blueprint/src/install/lib/libignition-gazebo2-scene-broadcaster-system.so
-- Up-to-date: /home/mingfei/Documents/GSoC/ws_blueprint/src/install/lib/cmake/ignition-gazebo2-scene-broadcaster-system/ignition-gazebo2-scene-broadcaster-system-config.cmake
-- Up-to-date: /home/mingfei/Documents/GSoC/ws_blueprint/src/install/lib/cmake/ignition-gazebo2-scene-broadcaster-system/ignition-gazebo2-scene-broadcaster-system-config-version.cmake
-- Up-to-date: /home/mingfei/Documents/GSoC/ws_blueprint/src/install/lib/cmake/ignition-gazebo2-scene-broadcaster-system/ignition-gazebo2-scene-broadcaster-system-targets.cmake
-- Up-to-date: /home/mingfei/Documents/GSoC/ws_blueprint/src/install/lib/cmake/ignition-gazebo2-scene-broadcaster-system/ignition-gazebo2-scene-broadcaster-system-targets-relwithdebinfo.cmake
-- Up-to-date: /home/mingfei/Documents/GSoC/ws_blueprint/src/install/lib/pkgconfig/ignition-gazebo2-scene-broadcaster-system.pc
-- Up-to-date: /home/mingfei/Documents/GSoC/ws_blueprint/src/install/lib/ign-gazebo-2/plugins/libignition-gazebo2-scene-broadcaster-system.so.2.6.1
-- Up-to-date: /home/mingfei/Documents/GSoC/ws_blueprint/src/install/lib/ign-gazebo-2/plugins/libignition-gazebo2-scene-broadcaster-system.so.2
-- Up-to-date: /home/mingfei/Documents/GSoC/ws_blueprint/src/install/lib/ign-gazebo-2/plugins/libignition-gazebo2-scene-broadcaster-system.so
-- Up-to-date: /home/mingfei/Documents/GSoC/ws_blueprint/src/install/lib/ign-gazebo-2/plugins/libignition-gazebo-scene-broadcaster-system.so
-- Up-to-date: /home/mingfei/Documents/GSoC/ws_blueprint/src/install/include/ignition/gazebo2/ignition/gazebo/sensors-system/detail/Export.hh
-- Up-to-date: /home/mingfei/Documents/GSoC/ws_blueprint/src/install/include/ignition/gazebo2/ignition/gazebo/sensors-system/Export.hh
-- Up-to-date: /home/mingfei/Documents/GSoC/ws_blueprint/src/install/lib/libignition-gazebo2-sensors-system.so.2.6.1
-- Up-to-date: /home/mingfei/Documents/GSoC/ws_blueprint/src/install/lib/libignition-gazebo2-sensors-system.so.2
-- Up-to-date: /home/mingfei/Documents/GSoC/ws_blueprint/src/install/lib/libignition-gazebo2-sensors-system.so
-- Up-to-date: /home/mingfei/Documents/GSoC/ws_blueprint/src/install/lib/cmake/ignition-gazebo2-sensors-system/ignition-gazebo2-sensors-system-config.cmake
-- Up-to-date: /home/mingfei/Documents/GSoC/ws_blueprint/src/install/lib/cmake/ignition-gazebo2-sensors-system/ignition-gazebo2-sensors-system-config-version.cmake
-- Up-to-date: /home/mingfei/Documents/GSoC/ws_blueprint/src/install/lib/cmake/ignition-gazebo2-sensors-system/ignition-gazebo2-sensors-system-targets.cmake
-- Up-to-date: /home/mingfei/Documents/GSoC/ws_blueprint/src/install/lib/cmake/ignition-gazebo2-sensors-system/ignition-gazebo2-sensors-system-targets-relwithdebinfo.cmake
-- Up-to-date: /home/mingfei/Documents/GSoC/ws_blueprint/src/install/lib/pkgconfig/ignition-gazebo2-sensors-system.pc
-- Up-to-date: /home/mingfei/Documents/GSoC/ws_blueprint/src/install/lib/ign-gazebo-2/plugins/libignition-gazebo2-sensors-system.so.2.6.1
-- Up-to-date: /home/mingfei/Documents/GSoC/ws_blueprint/src/install/lib/ign-gazebo-2/plugins/libignition-gazebo2-sensors-system.so.2
-- Up-to-date: /home/mingfei/Documents/GSoC/ws_blueprint/src/install/lib/ign-gazebo-2/plugins/libignition-gazebo2-sensors-system.so
-- Up-to-date: /home/mingfei/Documents/GSoC/ws_blueprint/src/install/lib/ign-gazebo-2/plugins/libignition-gazebo-sensors-system.so
-- Up-to-date: /home/mingfei/Documents/GSoC/ws_blueprint/src/install/include/ignition/gazebo2/ignition/gazebo/touchplugin-system/detail/Export.hh
-- Up-to-date: /home/mingfei/Documents/GSoC/ws_blueprint/src/install/include/ignition/gazebo2/ignition/gazebo/touchplugin-system/Export.hh
-- Up-to-date: /home/mingfei/Documents/GSoC/ws_blueprint/src/install/lib/libignition-gazebo2-touchplugin-system.so.2.6.1
-- Up-to-date: /home/mingfei/Documents/GSoC/ws_blueprint/src/install/lib/libignition-gazebo2-touchplugin-system.so.2
-- Up-to-date: /home/mingfei/Documents/GSoC/ws_blueprint/src/install/lib/libignition-gazebo2-touchplugin-system.so
-- Up-to-date: /home/mingfei/Documents/GSoC/ws_blueprint/src/install/lib/cmake/ignition-gazebo2-touchplugin-system/ignition-gazebo2-touchplugin-system-config.cmake
-- Up-to-date: /home/mingfei/Documents/GSoC/ws_blueprint/src/install/lib/cmake/ignition-gazebo2-touchplugin-system/ignition-gazebo2-touchplugin-system-config-version.cmake
-- Up-to-date: /home/mingfei/Documents/GSoC/ws_blueprint/src/install/lib/cmake/ignition-gazebo2-touchplugin-system/ignition-gazebo2-touchplugin-system-targets.cmake
-- Up-to-date: /home/mingfei/Documents/GSoC/ws_blueprint/src/install/lib/cmake/ignition-gazebo2-touchplugin-system/ignition-gazebo2-touchplugin-system-targets-relwithdebinfo.cmake
-- Up-to-date: /home/mingfei/Documents/GSoC/ws_blueprint/src/install/lib/pkgconfig/ignition-gazebo2-touchplugin-system.pc
-- Up-to-date: /home/mingfei/Documents/GSoC/ws_blueprint/src/install/lib/ign-gazebo-2/plugins/libignition-gazebo2-touchplugin-system.so.2.6.1
-- Up-to-date: /home/mingfei/Documents/GSoC/ws_blueprint/src/install/lib/ign-gazebo-2/plugins/libignition-gazebo2-touchplugin-system.so.2
-- Up-to-date: /home/mingfei/Documents/GSoC/ws_blueprint/src/install/lib/ign-gazebo-2/plugins/libignition-gazebo2-touchplugin-system.so
-- Up-to-date: /home/mingfei/Documents/GSoC/ws_blueprint/src/install/lib/ign-gazebo-2/plugins/libignition-gazebo-touchplugin-system.so
-- Up-to-date: /home/mingfei/Documents/GSoC/ws_blueprint/src/install/include/ignition/gazebo2/ignition/gazebo/user-commands-system/detail/Export.hh
-- Up-to-date: /home/mingfei/Documents/GSoC/ws_blueprint/src/install/include/ignition/gazebo2/ignition/gazebo/user-commands-system/Export.hh
-- Up-to-date: /home/mingfei/Documents/GSoC/ws_blueprint/src/install/lib/libignition-gazebo2-user-commands-system.so.2.6.1
-- Up-to-date: /home/mingfei/Documents/GSoC/ws_blueprint/src/install/lib/libignition-gazebo2-user-commands-system.so.2
-- Up-to-date: /home/mingfei/Documents/GSoC/ws_blueprint/src/install/lib/libignition-gazebo2-user-commands-system.so
-- Up-to-date: /home/mingfei/Documents/GSoC/ws_blueprint/src/install/lib/cmake/ignition-gazebo2-user-commands-system/ignition-gazebo2-user-commands-system-config.cmake
-- Up-to-date: /home/mingfei/Documents/GSoC/ws_blueprint/src/install/lib/cmake/ignition-gazebo2-user-commands-system/ignition-gazebo2-user-commands-system-config-version.cmake
-- Up-to-date: /home/mingfei/Documents/GSoC/ws_blueprint/src/install/lib/cmake/ignition-gazebo2-user-commands-system/ignition-gazebo2-user-commands-system-targets.cmake
-- Up-to-date: /home/mingfei/Documents/GSoC/ws_blueprint/src/install/lib/cmake/ignition-gazebo2-user-commands-system/ignition-gazebo2-user-commands-system-targets-relwithdebinfo.cmake
-- Up-to-date: /home/mingfei/Documents/GSoC/ws_blueprint/src/install/lib/pkgconfig/ignition-gazebo2-user-commands-system.pc
-- Up-to-date: /home/mingfei/Documents/GSoC/ws_blueprint/src/install/lib/ign-gazebo-2/plugins/libignition-gazebo2-user-commands-system.so.2.6.1
-- Up-to-date: /home/mingfei/Documents/GSoC/ws_blueprint/src/install/lib/ign-gazebo-2/plugins/libignition-gazebo2-user-commands-system.so.2
-- Up-to-date: /home/mingfei/Documents/GSoC/ws_blueprint/src/install/lib/ign-gazebo-2/plugins/libignition-gazebo2-user-commands-system.so
-- Up-to-date: /home/mingfei/Documents/GSoC/ws_blueprint/src/install/lib/ign-gazebo-2/plugins/libignition-gazebo-user-commands-system.so
-- Up-to-date: /home/mingfei/Documents/GSoC/ws_blueprint/src/install/include/ignition/gazebo2/ignition/gazebo/wind-effects-system/detail/Export.hh
-- Up-to-date: /home/mingfei/Documents/GSoC/ws_blueprint/src/install/include/ignition/gazebo2/ignition/gazebo/wind-effects-system/Export.hh
-- Up-to-date: /home/mingfei/Documents/GSoC/ws_blueprint/src/install/lib/libignition-gazebo2-wind-effects-system.so.2.6.1
-- Up-to-date: /home/mingfei/Documents/GSoC/ws_blueprint/src/install/lib/libignition-gazebo2-wind-effects-system.so.2
-- Up-to-date: /home/mingfei/Documents/GSoC/ws_blueprint/src/install/lib/libignition-gazebo2-wind-effects-system.so
-- Up-to-date: /home/mingfei/Documents/GSoC/ws_blueprint/src/install/lib/cmake/ignition-gazebo2-wind-effects-system/ignition-gazebo2-wind-effects-system-config.cmake
-- Up-to-date: /home/mingfei/Documents/GSoC/ws_blueprint/src/install/lib/cmake/ignition-gazebo2-wind-effects-system/ignition-gazebo2-wind-effects-system-config-version.cmake
-- Up-to-date: /home/mingfei/Documents/GSoC/ws_blueprint/src/install/lib/cmake/ignition-gazebo2-wind-effects-system/ignition-gazebo2-wind-effects-system-targets.cmake
-- Up-to-date: /home/mingfei/Documents/GSoC/ws_blueprint/src/install/lib/cmake/ignition-gazebo2-wind-effects-system/ignition-gazebo2-wind-effects-system-targets-relwithdebinfo.cmake
-- Up-to-date: /home/mingfei/Documents/GSoC/ws_blueprint/src/install/lib/pkgconfig/ignition-gazebo2-wind-effects-system.pc
-- Up-to-date: /home/mingfei/Documents/GSoC/ws_blueprint/src/install/lib/ign-gazebo-2/plugins/libignition-gazebo2-wind-effects-system.so.2.6.1
-- Up-to-date: /home/mingfei/Documents/GSoC/ws_blueprint/src/install/lib/ign-gazebo-2/plugins/libignition-gazebo2-wind-effects-system.so.2
-- Up-to-date: /home/mingfei/Documents/GSoC/ws_blueprint/src/install/lib/ign-gazebo-2/plugins/libignition-gazebo2-wind-effects-system.so
-- Up-to-date: /home/mingfei/Documents/GSoC/ws_blueprint/src/install/lib/ign-gazebo-2/plugins/libignition-gazebo-wind-effects-system.so
-- Up-to-date: /home/mingfei/Documents/GSoC/ws_blueprint/src/install/lib/ruby/ignition/cmdgazebo2.rb
-- Up-to-date: /home/mingfei/Documents/GSoC/ws_blueprint/src/install/share/ignition/gazebo2.yaml
-- Up-to-date: /home/mingfei/Documents/GSoC/ws_blueprint/src/install/include/ignition/gazebo2/ignition/gazebo/components/Actor.hh
-- Up-to-date: /home/mingfei/Documents/GSoC/ws_blueprint/src/install/include/ignition/gazebo2/ignition/gazebo/components/AirPressureSensor.hh
-- Up-to-date: /home/mingfei/Documents/GSoC/ws_blueprint/src/install/include/ignition/gazebo2/ignition/gazebo/components/Altimeter.hh
-- Up-to-date: /home/mingfei/Documents/GSoC/ws_blueprint/src/install/include/ignition/gazebo2/ignition/gazebo/components/AngularAcceleration.hh
-- Up-to-date: /home/mingfei/Documents/GSoC/ws_blueprint/src/install/include/ignition/gazebo2/ignition/gazebo/components/AngularVelocity.hh
-- Up-to-date: /home/mingfei/Documents/GSoC/ws_blueprint/src/install/include/ignition/gazebo2/ignition/gazebo/components/BatterySoC.hh
-- Up-to-date: /home/mingfei/Documents/GSoC/ws_blueprint/src/install/include/ignition/gazebo2/ignition/gazebo/components/Camera.hh
-- Up-to-date: /home/mingfei/Documents/GSoC/ws_blueprint/src/install/include/ignition/gazebo2/ignition/gazebo/components/CanonicalLink.hh
-- Up-to-date: /home/mingfei/Documents/GSoC/ws_blueprint/src/install/include/ignition/gazebo2/ignition/gazebo/components/ChildLinkName.hh
-- Up-to-date: /home/mingfei/Documents/GSoC/ws_blueprint/src/install/include/ignition/gazebo2/ignition/gazebo/components/Collision.hh
-- Up-to-date: /home/mingfei/Documents/GSoC/ws_blueprint/src/install/include/ignition/gazebo2/ignition/gazebo/components/Component.hh
-- Up-to-date: /home/mingfei/Documents/GSoC/ws_blueprint/src/install/include/ignition/gazebo2/ignition/gazebo/components/ContactSensor.hh
-- Up-to-date: /home/mingfei/Documents/GSoC/ws_blueprint/src/install/include/ignition/gazebo2/ignition/gazebo/components/ContactSensorData.hh
-- Up-to-date: /home/mingfei/Documents/GSoC/ws_blueprint/src/install/include/ignition/gazebo2/ignition/gazebo/components/DepthCamera.hh
-- Up-to-date: /home/mingfei/Documents/GSoC/ws_blueprint/src/install/include/ignition/gazebo2/ignition/gazebo/components/ExternalWorldWrenchCmd.hh
-- Up-to-date: /home/mingfei/Documents/GSoC/ws_blueprint/src/install/include/ignition/gazebo2/ignition/gazebo/components/Factory.hh
-- Up-to-date: /home/mingfei/Documents/GSoC/ws_blueprint/src/install/include/ignition/gazebo2/ignition/gazebo/components/Geometry.hh
-- Up-to-date: /home/mingfei/Documents/GSoC/ws_blueprint/src/install/include/ignition/gazebo2/ignition/gazebo/components/GpuLidar.hh
-- Up-to-date: /home/mingfei/Documents/GSoC/ws_blueprint/src/install/include/ignition/gazebo2/ignition/gazebo/components/Gravity.hh
-- Up-to-date: /home/mingfei/Documents/GSoC/ws_blueprint/src/install/include/ignition/gazebo2/ignition/gazebo/components/Imu.hh
-- Up-to-date: /home/mingfei/Documents/GSoC/ws_blueprint/src/install/include/ignition/gazebo2/ignition/gazebo/components/Inertial.hh
-- Up-to-date: /home/mingfei/Documents/GSoC/ws_blueprint/src/install/include/ignition/gazebo2/ignition/gazebo/components/Joint.hh
-- Up-to-date: /home/mingfei/Documents/GSoC/ws_blueprint/src/install/include/ignition/gazebo2/ignition/gazebo/components/JointAxis.hh
-- Up-to-date: /home/mingfei/Documents/GSoC/ws_blueprint/src/install/include/ignition/gazebo2/ignition/gazebo/components/JointForce.hh
-- Up-to-date: /home/mingfei/Documents/GSoC/ws_blueprint/src/install/include/ignition/gazebo2/ignition/gazebo/components/JointForceCmd.hh
-- Up-to-date: /home/mingfei/Documents/GSoC/ws_blueprint/src/install/include/ignition/gazebo2/ignition/gazebo/components/JointPosition.hh
-- Up-to-date: /home/mingfei/Documents/GSoC/ws_blueprint/src/install/include/ignition/gazebo2/ignition/gazebo/components/JointType.hh
-- Up-to-date: /home/mingfei/Documents/GSoC/ws_blueprint/src/install/include/ignition/gazebo2/ignition/gazebo/components/JointVelocity.hh
-- Up-to-date: /home/mingfei/Documents/GSoC/ws_blueprint/src/install/include/ignition/gazebo2/ignition/gazebo/components/JointVelocityCmd.hh
-- Up-to-date: /home/mingfei/Documents/GSoC/ws_blueprint/src/install/include/ignition/gazebo2/ignition/gazebo/components/Level.hh
-- Up-to-date: /home/mingfei/Documents/GSoC/ws_blueprint/src/install/include/ignition/gazebo2/ignition/gazebo/components/LevelBuffer.hh
-- Up-to-date: /home/mingfei/Documents/GSoC/ws_blueprint/src/install/include/ignition/gazebo2/ignition/gazebo/components/LevelEntityNames.hh
-- Up-to-date: /home/mingfei/Documents/GSoC/ws_blueprint/src/install/include/ignition/gazebo2/ignition/gazebo/components/Lidar.hh
-- Up-to-date: /home/mingfei/Documents/GSoC/ws_blueprint/src/install/include/ignition/gazebo2/ignition/gazebo/components/Light.hh
-- Up-to-date: /home/mingfei/Documents/GSoC/ws_blueprint/src/install/include/ignition/gazebo2/ignition/gazebo/components/LinearAcceleration.hh
-- Up-to-date: /home/mingfei/Documents/GSoC/ws_blueprint/src/install/include/ignition/gazebo2/ignition/gazebo/components/LinearVelocity.hh
-- Up-to-date: /home/mingfei/Documents/GSoC/ws_blueprint/src/install/include/ignition/gazebo2/ignition/gazebo/components/LinearVelocitySeed.hh
-- Up-to-date: /home/mingfei/Documents/GSoC/ws_blueprint/src/install/include/ignition/gazebo2/ignition/gazebo/components/Link.hh
-- Up-to-date: /home/mingfei/Documents/GSoC/ws_blueprint/src/install/include/ignition/gazebo2/ignition/gazebo/components/LogicalCamera.hh
-- Up-to-date: /home/mingfei/Documents/GSoC/ws_blueprint/src/install/include/ignition/gazebo2/ignition/gazebo/components/MagneticField.hh
-- Up-to-date: /home/mingfei/Documents/GSoC/ws_blueprint/src/install/include/ignition/gazebo2/ignition/gazebo/components/Magnetometer.hh
-- Up-to-date: /home/mingfei/Documents/GSoC/ws_blueprint/src/install/include/ignition/gazebo2/ignition/gazebo/components/Material.hh
-- Up-to-date: /home/mingfei/Documents/GSoC/ws_blueprint/src/install/include/ignition/gazebo2/ignition/gazebo/components/Model.hh
-- Up-to-date: /home/mingfei/Documents/GSoC/ws_blueprint/src/install/include/ignition/gazebo2/ignition/gazebo/components/Name.hh
-- Up-to-date: /home/mingfei/Documents/GSoC/ws_blueprint/src/install/include/ignition/gazebo2/ignition/gazebo/components/ParentEntity.hh
-- Up-to-date: /home/mingfei/Documents/GSoC/ws_blueprint/src/install/include/ignition/gazebo2/ignition/gazebo/components/ParentLinkName.hh
-- Up-to-date: /home/mingfei/Documents/GSoC/ws_blueprint/src/install/include/ignition/gazebo2/ignition/gazebo/components/Performer.hh
-- Up-to-date: /home/mingfei/Documents/GSoC/ws_blueprint/src/install/include/ignition/gazebo2/ignition/gazebo/components/PerformerAffinity.hh
-- Up-to-date: /home/mingfei/Documents/GSoC/ws_blueprint/src/install/include/ignition/gazebo2/ignition/gazebo/components/PerformerLevels.hh
-- Up-to-date: /home/mingfei/Documents/GSoC/ws_blueprint/src/install/include/ignition/gazebo2/ignition/gazebo/components/Pose.hh
-- Up-to-date: /home/mingfei/Documents/GSoC/ws_blueprint/src/install/include/ignition/gazebo2/ignition/gazebo/components/PoseCmd.hh
-- Up-to-date: /home/mingfei/Documents/GSoC/ws_blueprint/src/install/include/ignition/gazebo2/ignition/gazebo/components/RgbdCamera.hh
-- Up-to-date: /home/mingfei/Documents/GSoC/ws_blueprint/src/install/include/ignition/gazebo2/ignition/gazebo/components/Scene.hh
-- Up-to-date: /home/mingfei/Documents/GSoC/ws_blueprint/src/install/include/ignition/gazebo2/ignition/gazebo/components/Sensor.hh
-- Up-to-date: /home/mingfei/Documents/GSoC/ws_blueprint/src/install/include/ignition/gazebo2/ignition/gazebo/components/Serialization.hh
-- Up-to-date: /home/mingfei/Documents/GSoC/ws_blueprint/src/install/include/ignition/gazebo2/ignition/gazebo/components/Static.hh
-- Up-to-date: /home/mingfei/Documents/GSoC/ws_blueprint/src/install/include/ignition/gazebo2/ignition/gazebo/components/ThreadPitch.hh
-- Up-to-date: /home/mingfei/Documents/GSoC/ws_blueprint/src/install/include/ignition/gazebo2/ignition/gazebo/components/Visual.hh
-- Up-to-date: /home/mingfei/Documents/GSoC/ws_blueprint/src/install/include/ignition/gazebo2/ignition/gazebo/components/Wind.hh
-- Up-to-date: /home/mingfei/Documents/GSoC/ws_blueprint/src/install/include/ignition/gazebo2/ignition/gazebo/components/WindMode.hh
-- Up-to-date: /home/mingfei/Documents/GSoC/ws_blueprint/src/install/include/ignition/gazebo2/ignition/gazebo/components/World.hh
-- Up-to-date: /home/mingfei/Documents/GSoC/ws_blueprint/src/install/include/ignition/gazebo2/ignition/gazebo/detail/ComponentStorageBase.hh
-- Up-to-date: /home/mingfei/Documents/GSoC/ws_blueprint/src/install/include/ignition/gazebo2/ignition/gazebo/detail/EntityComponentManager.hh
-- Up-to-date: /home/mingfei/Documents/GSoC/ws_blueprint/src/install/include/ignition/gazebo2/ignition/gazebo/detail/View.hh
-- Up-to-date: /home/mingfei/Documents/GSoC/ws_blueprint/src/install/include/ignition/gazebo2/ignition/gazebo/gui/GuiRunner.hh
-- Up-to-date: /home/mingfei/Documents/GSoC/ws_blueprint/src/install/include/ignition/gazebo2/ignition/gazebo/gui/GuiSystem.hh
-- Up-to-date: /home/mingfei/Documents/GSoC/ws_blueprint/src/install/include/ignition/gazebo2/ignition/gazebo/gui/TmpIface.hh
-- Up-to-date: /home/mingfei/Documents/GSoC/ws_blueprint/src/install/include/ignition/gazebo2/ignition/gazebo/rendering/RenderUtil.hh
-- Up-to-date: /home/mingfei/Documents/GSoC/ws_blueprint/src/install/include/ignition/gazebo2/ignition/gazebo/rendering/SceneManager.hh
-- Up-to-date: /home/mingfei/Documents/GSoC/ws_blueprint/src/install/include/ignition/gazebo2/ignition/gazebo/Conversions.hh
-- Up-to-date: /home/mingfei/Documents/GSoC/ws_blueprint/src/install/include/ignition/gazebo2/ignition/gazebo/Entity.hh
-- Up-to-date: /home/mingfei/Documents/GSoC/ws_blueprint/src/install/include/ignition/gazebo2/ignition/gazebo/EntityComponentManager.hh
-- Up-to-date: /home/mingfei/Documents/GSoC/ws_blueprint/src/install/include/ignition/gazebo2/ignition/gazebo/EventManager.hh
-- Up-to-date: /home/mingfei/Documents/GSoC/ws_blueprint/src/install/include/ignition/gazebo2/ignition/gazebo/Events.hh
-- Up-to-date: /home/mingfei/Documents/GSoC/ws_blueprint/src/install/include/ignition/gazebo2/ignition/gazebo/Link.hh
-- Up-to-date: /home/mingfei/Documents/GSoC/ws_blueprint/src/install/include/ignition/gazebo2/ignition/gazebo/Model.hh
-- Up-to-date: /home/mingfei/Documents/GSoC/ws_blueprint/src/install/include/ignition/gazebo2/ignition/gazebo/SdfEntityCreator.hh
-- Up-to-date: /home/mingfei/Documents/GSoC/ws_blueprint/src/install/include/ignition/gazebo2/ignition/gazebo/Server.hh
-- Up-to-date: /home/mingfei/Documents/GSoC/ws_blueprint/src/install/include/ignition/gazebo2/ignition/gazebo/ServerConfig.hh
-- Up-to-date: /home/mingfei/Documents/GSoC/ws_blueprint/src/install/include/ignition/gazebo2/ignition/gazebo/System.hh
-- Up-to-date: /home/mingfei/Documents/GSoC/ws_blueprint/src/install/include/ignition/gazebo2/ignition/gazebo/SystemLoader.hh
-- Up-to-date: /home/mingfei/Documents/GSoC/ws_blueprint/src/install/include/ignition/gazebo2/ignition/gazebo/SystemPluginPtr.hh
-- Up-to-date: /home/mingfei/Documents/GSoC/ws_blueprint/src/install/include/ignition/gazebo2/ignition/gazebo/Types.hh
-- Up-to-date: /home/mingfei/Documents/GSoC/ws_blueprint/src/install/include/ignition/gazebo2/ignition/gazebo/Util.hh
-- Up-to-date: /home/mingfei/Documents/GSoC/ws_blueprint/src/install/include/ignition/gazebo2/ignition/gazebo/../gazebo.hh
-- Up-to-date: /home/mingfei/Documents/GSoC/ws_blueprint/src/install/include/ignition/gazebo2/ignition/gazebo/config.hh
-- Up-to-date: /home/mingfei/Documents/GSoC/ws_blueprint/src/install/include/ignition/gazebo2/ignition/gazebo/components.hh
-- Up-to-date: /home/mingfei/Documents/GSoC/ws_blueprint/src/install/include/ignition/gazebo2/ignition/gazebo/gui/detail/Export.hh
-- Up-to-date: /home/mingfei/Documents/GSoC/ws_blueprint/src/install/include/ignition/gazebo2/ignition/gazebo/gui/Export.hh
-- Up-to-date: /home/mingfei/Documents/GSoC/ws_blueprint/src/install/lib/libignition-gazebo2-gui.so.2.6.1
-- Up-to-date: /home/mingfei/Documents/GSoC/ws_blueprint/src/install/lib/libignition-gazebo2-gui.so.2
-- Up-to-date: /home/mingfei/Documents/GSoC/ws_blueprint/src/install/lib/libignition-gazebo2-gui.so
-- Up-to-date: /home/mingfei/Documents/GSoC/ws_blueprint/src/install/lib/cmake/ignition-gazebo2-gui/ignition-gazebo2-gui-config.cmake
-- Up-to-date: /home/mingfei/Documents/GSoC/ws_blueprint/src/install/lib/cmake/ignition-gazebo2-gui/ignition-gazebo2-gui-config-version.cmake
-- Up-to-date: /home/mingfei/Documents/GSoC/ws_blueprint/src/install/lib/cmake/ignition-gazebo2-gui/ignition-gazebo2-gui-targets.cmake
-- Up-to-date: /home/mingfei/Documents/GSoC/ws_blueprint/src/install/lib/cmake/ignition-gazebo2-gui/ignition-gazebo2-gui-targets-relwithdebinfo.cmake
-- Up-to-date: /home/mingfei/Documents/GSoC/ws_blueprint/src/install/lib/pkgconfig/ignition-gazebo2-gui.pc
-- Up-to-date: /home/mingfei/Documents/GSoC/ws_blueprint/src/install/lib/libignition-gazebo2-gui.so.2.6.1
-- Up-to-date: /home/mingfei/Documents/GSoC/ws_blueprint/src/install/lib/libignition-gazebo2-gui.so.2
-- Up-to-date: /home/mingfei/Documents/GSoC/ws_blueprint/src/install/lib/libignition-gazebo2-gui.so
-- Up-to-date: /home/mingfei/Documents/GSoC/ws_blueprint/src/install/share/ignition/ignition-gazebo2/gui/gui.config
-- Up-to-date: /home/mingfei/Documents/GSoC/ws_blueprint/src/install/share/ignition/ignition-gazebo2/worlds/actor.sdf
-- Up-to-date: /home/mingfei/Documents/GSoC/ws_blueprint/src/install/share/ignition/ignition-gazebo2/worlds/apply_joint_force.sdf
-- Up-to-date: /home/mingfei/Documents/GSoC/ws_blueprint/src/install/share/ignition/ignition-gazebo2/worlds/camera_sensor.sdf
-- Up-to-date: /home/mingfei/Documents/GSoC/ws_blueprint/src/install/share/ignition/ignition-gazebo2/worlds/contact_sensor.sdf
-- Up-to-date: /home/mingfei/Documents/GSoC/ws_blueprint/src/install/share/ignition/ignition-gazebo2/worlds/debug_shapes.sdf
-- Up-to-date: /home/mingfei/Documents/GSoC/ws_blueprint/src/install/share/ignition/ignition-gazebo2/worlds/depth_camera_sensor.sdf
-- Up-to-date: /home/mingfei/Documents/GSoC/ws_blueprint/src/install/share/ignition/ignition-gazebo2/worlds/diff_drive.sdf
-- Up-to-date: /home/mingfei/Documents/GSoC/ws_blueprint/src/install/share/ignition/ignition-gazebo2/worlds/diff_drive_skid.sdf
-- Up-to-date: /home/mingfei/Documents/GSoC/ws_blueprint/src/install/share/ignition/ignition-gazebo2/worlds/empty.sdf
-- Up-to-date: /home/mingfei/Documents/GSoC/ws_blueprint/src/install/share/ignition/ignition-gazebo2/worlds/fuel.sdf
-- Up-to-date: /home/mingfei/Documents/GSoC/ws_blueprint/src/install/share/ignition/ignition-gazebo2/worlds/fuel_textured_mesh.sdf
-- Up-to-date: /home/mingfei/Documents/GSoC/ws_blueprint/src/install/share/ignition/ignition-gazebo2/worlds/gpu_lidar_sensor.sdf
-- Up-to-date: /home/mingfei/Documents/GSoC/ws_blueprint/src/install/share/ignition/ignition-gazebo2/worlds/joint_controller.sdf
-- Up-to-date: /home/mingfei/Documents/GSoC/ws_blueprint/src/install/share/ignition/ignition-gazebo2/worlds/levels.sdf
-- Up-to-date: /home/mingfei/Documents/GSoC/ws_blueprint/src/install/share/ignition/ignition-gazebo2/worlds/levels_no_performers.sdf
-- Up-to-date: /home/mingfei/Documents/GSoC/ws_blueprint/src/install/share/ignition/ignition-gazebo2/worlds/lift_drag.sdf
-- Up-to-date: /home/mingfei/Documents/GSoC/ws_blueprint/src/install/share/ignition/ignition-gazebo2/worlds/lights.sdf
-- Up-to-date: /home/mingfei/Documents/GSoC/ws_blueprint/src/install/share/ignition/ignition-gazebo2/worlds/linear_battery_demo.sdf
-- Up-to-date: /home/mingfei/Documents/GSoC/ws_blueprint/src/install/share/ignition/ignition-gazebo2/worlds/log_playback.sdf
-- Up-to-date: /home/mingfei/Documents/GSoC/ws_blueprint/src/install/share/ignition/ignition-gazebo2/worlds/log_record_dbl_pendulum.sdf
-- Up-to-date: /home/mingfei/Documents/GSoC/ws_blueprint/src/install/share/ignition/ignition-gazebo2/worlds/log_record_keyboard.sdf
-- Up-to-date: /home/mingfei/Documents/GSoC/ws_blueprint/src/install/share/ignition/ignition-gazebo2/worlds/log_record_shapes.sdf
-- Up-to-date: /home/mingfei/Documents/GSoC/ws_blueprint/src/install/share/ignition/ignition-gazebo2/worlds/logical_camera_sensor.sdf
-- Up-to-date: /home/mingfei/Documents/GSoC/ws_blueprint/src/install/share/ignition/ignition-gazebo2/worlds/plane_propeller_demo.sdf
-- Up-to-date: /home/mingfei/Documents/GSoC/ws_blueprint/src/install/share/ignition/ignition-gazebo2/worlds/pose_publisher.sdf
-- Up-to-date: /home/mingfei/Documents/GSoC/ws_blueprint/src/install/share/ignition/ignition-gazebo2/worlds/quadcopter.sdf
-- Up-to-date: /home/mingfei/Documents/GSoC/ws_blueprint/src/install/share/ignition/ignition-gazebo2/worlds/rolling_shapes.sdf
-- Up-to-date: /home/mingfei/Documents/GSoC/ws_blueprint/src/install/share/ignition/ignition-gazebo2/worlds/sensors.sdf
-- Up-to-date: /home/mingfei/Documents/GSoC/ws_blueprint/src/install/share/ignition/ignition-gazebo2/worlds/sensors_demo.sdf
-- Up-to-date: /home/mingfei/Documents/GSoC/ws_blueprint/src/install/share/ignition/ignition-gazebo2/worlds/shapes.sdf
-- Up-to-date: /home/mingfei/Documents/GSoC/ws_blueprint/src/install/share/ignition/ignition-gazebo2/worlds/touch_plugin.sdf
-- Up-to-date: /home/mingfei/Documents/GSoC/ws_blueprint/src/install/share/ignition/ignition-gazebo2/worlds/track_drive.sdf
-- Up-to-date: /home/mingfei/Documents/GSoC/ws_blueprint/src/install/share/ignition/ignition-gazebo2/worlds/tunnel.sdf
-- Up-to-date: /home/mingfei/Documents/GSoC/ws_blueprint/src/install/share/ignition/ignition-gazebo2/worlds/wind.sdf
-- Up-to-date: /home/mingfei/Documents/GSoC/ws_blueprint/src/install/share/ignition/ignition-gazebo2/worlds/world_joint.sdf
